<?xml version="1.0" encoding="UTF-8"?>
<!-- Generated by org.testng.reporters.JUnitReportReporter -->
<testsuite hostname="DESKTOP-BBHK0OG" failures="0" tests="1" name="Testcases1.Applysetup" time="1.916" errors="0" timestamp="2025-05-08T11:38:00 IST" skipped="0">
  <testcase classname="Testcases1.Applysetup" name="actin" time="1.916"/>
</testsuite> <!-- Testcases1.Applysetup -->
